Build started 4/14/2014 1:20:44 PM.
     1>Project "D:\Documents\Visual Studio 2013\Projects\Set06\Set06.vcxproj" on node 2 (Build target(s)).
     1>ClCompile:
         C:\Program Files (x86)\Microsoft Visual Studio 12.0\VC\bin\CL.exe /c /ZI /nologo /W3 /WX- /sdl /Od /Oy- /D _MBCS /Gm /EHsc /RTC1 /MDd /GS /fp:precise /Zc:wchar_t /Zc:forScope /Fo"Debug\\" /Fd"Debug\vc120.pdb" /Gd /TP /analyze- /errorReport:prompt membercheck.cpp
         membercheck.cpp
     1>d:\documents\visual studio 2013\projects\set06\membercheck.cpp(15): warning C4018: '<' : signed/unsigned mismatch
       Link:
         C:\Program Files (x86)\Microsoft Visual Studio 12.0\VC\bin\link.exe /ERRORREPORT:PROMPT /OUT:"D:\Documents\Visual Studio 2013\Projects\Set06\Debug\Set06.exe" /INCREMENTAL /NOLOGO kernel32.lib user32.lib gdi32.lib winspool.lib comdlg32.lib advapi32.lib shell32.lib ole32.lib oleaut32.lib uuid.lib odbc32.lib odbccp32.lib /MANIFEST /MANIFESTUAC:"level='asInvoker' uiAccess='false'" /manifest:embed /DEBUG /PDB:"D:\Documents\Visual Studio 2013\Projects\Set06\Debug\Set06.pdb" /TLBID:1 /DYNAMICBASE /NXCOMPAT /IMPLIB:"D:\Documents\Visual Studio 2013\Projects\Set06\Debug\Set06.lib" /MACHINE:X86 Debug\membercheck.obj
         Debug\simplewordsearch.obj
     1>simplewordsearch.obj : error LNK2005: _main already defined in membercheck.obj
     1>D:\Documents\Visual Studio 2013\Projects\Set06\Debug\Set06.exe : fatal error LNK1169: one or more multiply defined symbols found
     1>Done Building Project "D:\Documents\Visual Studio 2013\Projects\Set06\Set06.vcxproj" (Build target(s)) -- FAILED.

Build FAILED.

Time Elapsed 00:00:00.60
